0 verbose cli C:\nvm4w\nodejs\node.exe C:\nvm4w\nodejs\node_modules\npm\bin\npm-cli.js
1 info using npm@10.8.2
2 info using node@v20.17.0
3 silly config load:file:C:\Users\Administrator\AppData\Local\nvm\v20.17.0\node_modules\npm\npmrc
4 silly config load:file:E:\QuonainEjaz\React_Native\ContextApiApp\.npmrc
5 silly config load:file:C:\Users\Administrator\.npmrc
6 silly config load:file:C:\nvm4w\nodejs\etc\npmrc
7 verbose title npm start
8 verbose argv "start" "--cache" "reset"
9 verbose logfile logs-max:10 dir:E:\QuonainEjaz\React_Native\ContextApiApp\reset\_logs\2025-01-27T08_00_44_787Z-
10 verbose logfile E:\QuonainEjaz\React_Native\ContextApiApp\reset\_logs\2025-01-27T08_00_44_787Z-debug-0.log
11 silly logfile done cleaning log files
12 http fetch GET 200 https://registry.npmjs.org/npm 224ms
13 verbose cwd E:\QuonainEjaz\React_Native\ContextApiApp
14 verbose os Windows_NT 10.0.22621
15 verbose node v20.17.0
16 verbose npm  v10.8.2
17 notice
17 notice New [31mmajor[39m version of npm available! [31m10.8.2[39m -> [34m11.0.0[39m
17 notice Changelog: [34mhttps://github.com/npm/cli/releases/tag/v11.0.0[39m
17 notice To update run: [4mnpm install -g npm@11.0.0[24m
17 notice  { force: true, [Symbol(proc-log.meta)]: true }
18 verbose exit 1
19 verbose code 1
